#
# There is insufficient memory for the Java Runtime Environment to continue.
# Native memory allocation (malloc) failed to allocate 281584 bytes for Chunk::new
# Possible reasons:
#   The system is out of physical RAM or swap space
#   The process is running with CompressedOops enabled, and the Java Heap may be blocking the growth of the native heap
# Possible solutions:
#   Reduce memory load on the system
#   Increase physical memory or swap space
#   Check if swap backing store is full
#   Decrease Java heap size (-Xmx/-Xms)
#   Decrease number of Java threads
#   Decrease Java thread stack sizes (-Xss)
#   Set larger code cache with -XX:ReservedCodeCacheSize=
#   JVM is running with Zero Based Compressed Oops mode in which the Java heap is
#     placed in the first 32GB address space. The Java Heap base address is the
#     maximum limit for the native heap growth. Please use -XX:HeapBaseMinAddress
#     to set the Java Heap base and to place the Java Heap above 32GB virtual address.
# This output file may be truncated or incomplete.
#
#  Out of Memory Error (allocation.cpp:389), pid=38704, tid=0x000000000000345c
#
# JRE version: Java(TM) SE Runtime Environment (8.0_202-b08) (build 1.8.0_202-b08)
# Java VM: Java HotSpot(TM) 64-Bit Server VM (25.202-b08 mixed mode windows-amd64 compressed oops)
# Failed to write core dump. Minidumps are not enabled by default on client versions of Windows
#

---------------  T H R E A D  ---------------

Current thread (0x000000001dfb7000):  JavaThread "C2 CompilerThread1" daemon [_thread_in_native, id=13404, stack(0x000000001ea40000,0x000000001eb40000)]

Stack: [0x000000001ea40000,0x000000001eb40000]
[error occurred during error reporting (printing stack bounds), id 0xc0000005]

Native frames: (J=compiled Java code, j=interpreted, Vv=VM code, C=native code)


Current CompileTask:
C2:  13801 12637       4       org.jetbrains.org.objectweb.asm.ClassReader::readElementValue (1237 bytes)


---------------  P R O C E S S  ---------------

Java Threads: ( => current thread )
  0x000000001e053800 JavaThread "Service Thread" daemon [_thread_blocked, id=17140, stack(0x000000001ed40000,0x000000001ee40000)]
  0x000000001dfc8000 JavaThread "C1 CompilerThread3" daemon [_thread_blocked, id=33428, stack(0x000000001ec40000,0x000000001ed40000)]
  0x000000001dfbb000 JavaThread "C2 CompilerThread2" daemon [_thread_in_native, id=3196, stack(0x000000001eb40000,0x000000001ec40000)]
=>0x000000001dfb7000 JavaThread "C2 CompilerThread1" daemon [_thread_in_native, id=13404, stack(0x000000001ea40000,0x000000001eb40000)]
  0x000000001dfb2800 JavaThread "C2 CompilerThread0" daemon [_thread_blocked, id=31052, stack(0x000000001e940000,0x000000001ea40000)]
  0x000000001dfb1000 JavaThread "Monitor Ctrl-Break" daemon [_thread_in_native, id=39252, stack(0x000000001e840000,0x000000001e940000)]
  0x000000001df41000 JavaThread "Attach Listener" daemon [_thread_blocked, id=26232, stack(0x000000001e740000,0x000000001e840000)]
  0x000000001df3f800 JavaThread "Signal Dispatcher" daemon [_thread_blocked, id=35864, stack(0x000000001e640000,0x000000001e740000)]
  0x00000000027be000 JavaThread "Finalizer" daemon [_thread_blocked, id=23556, stack(0x000000001e410000,0x000000001e510000)]
  0x000000001df30800 JavaThread "Reference Handler" daemon [_thread_blocked, id=38152, stack(0x000000001e310000,0x000000001e410000)]
  0x00000000026c2800 JavaThread "main" [_thread_in_Java, id=108, stack(0x0000000002470000,0x0000000002570000)]

Other Threads:
  0x000000001c11a000 VMThread [stack: 0x000000001de10000,0x000000001df10000] [id=34672]
  0x000000001e06f000 WatcherThread [stack: 0x000000001ee40000,0x000000001ef40000] [id=38096]

VM state:not at safepoint (normal execution)

VM Mutex/Monitor currently owned by a thread: None

heap address: 0x00000006c3a00000, size: 4038 MB, Compressed Oops mode: Zero based, Oop shift amount: 3
Narrow klass base: 0x0000000000000000, Narrow klass shift: 3
Compressed class space size: 1073741824 Address: 0x00000007c0000000

Heap:
 PSYoungGen      total 139776K, used 96121K [0x000000076be00000, 0x0000000775f80000, 0x00000007c0000000)
  eden space 114176K, 63% used [0x000000076be00000,0x00000007704eee18,0x0000000772d80000)
  from space 25600K, 91% used [0x0000000772d80000,0x000000077446f880,0x0000000774680000)
  to   space 21504K, 0% used [0x0000000774a80000,0x0000000774a80000,0x0000000775f80000)
 ParOldGen       total 226304K, used 46750K [0x00000006c3a00000, 0x00000006d1700000, 0x000000076be00000)
  object space 226304K, 20% used [0x00000006c3a00000,0x00000006c67a7870,0x00000006d1700000)
 Metaspace       used 85495K, capacity 87115K, committed 87680K, reserved 1126400K
  class space    used 9926K, capacity 10333K, committed 10368K, reserved 1048576K

Card table byte_map: [0x0000000011b80000,0x0000000012370000] byte_map_base: 0x000000000e563000

Marking Bits: (ParMarkBitMap*) 0x0000000051775ce0
 Begin Bits: [0x00000000130c0000, 0x0000000016fd8000)
 End Bits:   [0x0000000016fd8000, 0x000000001aef0000)

Polling page: 0x0000000000bd0000

CodeCache: size=245760Kb used=44202Kb max_used=44213Kb free=201557Kb
 bounds [0x00000000027c0000, 0x0000000005320000, 0x00000000117c0000]
 total_blobs=11882 nmethods=11187 adapters=604
 compilation: enabled

Compilation events (10 events):
Event: 13.798 Thread 0x000000001dfb2800 nmethod 12748 0x0000000005310810 code [0x0000000005310960, 0x0000000005310ab8]
Event: 13.799 Thread 0x000000001dfc8000 nmethod 12747 0x0000000005314890 code [0x0000000005314d00, 0x00000000053177e8]
Event: 13.799 Thread 0x000000001dfc8000 12749       3       org.jetbrains.org.objectweb.asm.Label::getCanonicalInstance (19 bytes)
Event: 13.799 Thread 0x000000001dfc8000 nmethod 12749 0x0000000005310450 code [0x00000000053105a0, 0x0000000005310750]
Event: 13.799 Thread 0x000000001dfc8000 12750       1       org.jetbrains.kotlin.codegen.state.GenerationState::getConfiguration (5 bytes)
Event: 13.799 Thread 0x000000001dfc8000 nmethod 12750 0x0000000005310110 code [0x0000000005310260, 0x0000000005310370]
Event: 13.799 Thread 0x000000001dfc8000 12741       1       org.jetbrains.kotlin.codegen.optimization.temporaryVals.TemporaryVal::getLoadInsns (5 bytes)
Event: 13.799 Thread 0x000000001dfc8000 nmethod 12741 0x0000000005311e90 code [0x0000000005311fe0, 0x00000000053120f0]
Event: 13.799 Thread 0x000000001dfc8000 12751       3       org.jetbrains.kotlin.codegen.optimization.NegatedJumpsMethodTransformer::negatedConditionalJumpOpcode$lambda$0$negated (9 bytes)
Event: 13.799 Thread 0x000000001dfc8000 nmethod 12751 0x0000000005311ad0 code [0x0000000005311c20, 0x0000000005311d90]

GC Heap History (10 events):
Event: 7.681 GC heap before
{Heap before GC invocations=10 (full 2):
 PSYoungGen      total 103936K, used 103004K [0x000000076be00000, 0x0000000774980000, 0x00000007c0000000)
  eden space 87552K, 100% used [0x000000076be00000,0x0000000771380000,0x0000000771380000)
  from space 16384K, 94% used [0x0000000771380000,0x0000000772297298,0x0000000772380000)
  to   space 17920K, 0% used [0x0000000773800000,0x0000000773800000,0x0000000774980000)
 ParOldGen       total 226304K, used 28076K [0x00000006c3a00000, 0x00000006d1700000, 0x000000076be00000)
  object space 226304K, 12% used [0x00000006c3a00000,0x00000006c556b288,0x00000006d1700000)
 Metaspace       used 52521K, capacity 53621K, committed 54016K, reserved 1095680K
  class space    used 6601K, capacity 6890K, committed 6912K, reserved 1048576K
Event: 7.697 GC heap after
Heap after GC invocations=10 (full 2):
 PSYoungGen      total 119808K, used 17915K [0x000000076be00000, 0x0000000775580000, 0x00000007c0000000)
  eden space 101888K, 0% used [0x000000076be00000,0x000000076be00000,0x0000000772180000)
  from space 17920K, 99% used [0x0000000773800000,0x000000077497ede8,0x0000000774980000)
  to   space 23040K, 0% used [0x0000000772180000,0x0000000772180000,0x0000000773800000)
 ParOldGen       total 226304K, used 35020K [0x00000006c3a00000, 0x00000006d1700000, 0x000000076be00000)
  object space 226304K, 15% used [0x00000006c3a00000,0x00000006c5c33368,0x00000006d1700000)
 Metaspace       used 52521K, capacity 53621K, committed 54016K, reserved 1095680K
  class space    used 6601K, capacity 6890K, committed 6912K, reserved 1048576K
}
Event: 8.568 GC heap before
{Heap before GC invocations=11 (full 2):
 PSYoungGen      total 119808K, used 101248K [0x000000076be00000, 0x0000000775580000, 0x00000007c0000000)
  eden space 101888K, 81% used [0x000000076be00000,0x0000000770f61428,0x0000000772180000)
  from space 17920K, 99% used [0x0000000773800000,0x000000077497ede8,0x0000000774980000)
  to   space 23040K, 0% used [0x0000000772180000,0x0000000772180000,0x0000000773800000)
 ParOldGen       total 226304K, used 35020K [0x00000006c3a00000, 0x00000006d1700000, 0x000000076be00000)
  object space 226304K, 15% used [0x00000006c3a00000,0x00000006c5c33368,0x00000006d1700000)
 Metaspace       used 57511K, capacity 58681K, committed 59028K, reserved 1101824K
  class space    used 7116K, capacity 7420K, committed 7424K, reserved 1048576K
Event: 8.582 GC heap after
Heap after GC invocations=11 (full 2):
 PSYoungGen      total 124928K, used 23029K [0x000000076be00000, 0x0000000776480000, 0x00000007c0000000)
  eden space 101888K, 0% used [0x000000076be00000,0x000000076be00000,0x0000000772180000)
  from space 23040K, 99% used [0x0000000772180000,0x00000007737fd4e8,0x0000000773800000)
  to   space 26624K, 0% used [0x0000000774a80000,0x0000000774a80000,0x0000000776480000)
 ParOldGen       total 226304K, used 36778K [0x00000006c3a00000, 0x00000006d1700000, 0x000000076be00000)
  object space 226304K, 16% used [0x00000006c3a00000,0x00000006c5deab00,0x00000006d1700000)
 Metaspace       used 57511K, capacity 58681K, committed 59028K, reserved 1101824K
  class space    used 7116K, capacity 7420K, committed 7424K, reserved 1048576K
}
Event: 8.582 GC heap before
{Heap before GC invocations=12 (full 3):
 PSYoungGen      total 124928K, used 23029K [0x000000076be00000, 0x0000000776480000, 0x00000007c0000000)
  eden space 101888K, 0% used [0x000000076be00000,0x000000076be00000,0x0000000772180000)
  from space 23040K, 99% used [0x0000000772180000,0x00000007737fd4e8,0x0000000773800000)
  to   space 26624K, 0% used [0x0000000774a80000,0x0000000774a80000,0x0000000776480000)
 ParOldGen       total 226304K, used 36778K [0x00000006c3a00000, 0x00000006d1700000, 0x000000076be00000)
  object space 226304K, 16% used [0x00000006c3a00000,0x00000006c5deab00,0x00000006d1700000)
 Metaspace       used 57511K, capacity 58681K, committed 59028K, reserved 1101824K
  class space    used 7116K, capacity 7420K, committed 7424K, reserved 1048576K
Event: 8.746 GC heap after
Heap after GC invocations=12 (full 3):
 PSYoungGen      total 124928K, used 0K [0x000000076be00000, 0x0000000776480000, 0x00000007c0000000)
  eden space 101888K, 0% used [0x000000076be00000,0x000000076be00000,0x0000000772180000)
  from space 23040K, 0% used [0x0000000772180000,0x0000000772180000,0x0000000773800000)
  to   space 26624K, 0% used [0x0000000774a80000,0x0000000774a80000,0x0000000776480000)
 ParOldGen       total 226304K, used 46734K [0x00000006c3a00000, 0x00000006d1700000, 0x000000076be00000)
  object space 226304K, 20% used [0x00000006c3a00000,0x00000006c67a3870,0x00000006d1700000)
 Metaspace       used 57511K, capacity 58681K, committed 59028K, reserved 1101824K
  class space    used 7116K, capacity 7420K, committed 7424K, reserved 1048576K
}
Event: 10.690 GC heap before
{Heap before GC invocations=13 (full 3):
 PSYoungGen      total 124928K, used 101888K [0x000000076be00000, 0x0000000776480000, 0x00000007c0000000)
  eden space 101888K, 100% used [0x000000076be00000,0x0000000772180000,0x0000000772180000)
  from space 23040K, 0% used [0x0000000772180000,0x0000000772180000,0x0000000773800000)
  to   space 26624K, 0% used [0x0000000774a80000,0x0000000774a80000,0x0000000776480000)
 ParOldGen       total 226304K, used 46734K [0x00000006c3a00000, 0x00000006d1700000, 0x000000076be00000)
  object space 226304K, 20% used [0x00000006c3a00000,0x00000006c67a3870,0x00000006d1700000)
 Metaspace       used 65663K, capacity 67127K, committed 67584K, reserved 1107968K
  class space    used 7993K, capacity 8357K, committed 8448K, reserved 1048576K
Event: 10.702 GC heap after
Heap after GC invocations=13 (full 3):
 PSYoungGen      total 135680K, used 14898K [0x000000076be00000, 0x0000000775f80000, 0x00000007c0000000)
  eden space 114176K, 0% used [0x000000076be00000,0x000000076be00000,0x0000000772d80000)
  from space 21504K, 69% used [0x0000000774a80000,0x000000077590ca70,0x0000000775f80000)
  to   space 25600K, 0% used [0x0000000772d80000,0x0000000772d80000,0x0000000774680000)
 ParOldGen       total 226304K, used 46742K [0x00000006c3a00000, 0x00000006d1700000, 0x000000076be00000)
  object space 226304K, 20% used [0x00000006c3a00000,0x00000006c67a5870,0x00000006d1700000)
 Metaspace       used 65663K, capacity 67127K, committed 67584K, reserved 1107968K
  class space    used 7993K, capacity 8357K, committed 8448K, reserved 1048576K
}
Event: 12.809 GC heap before
{Heap before GC invocations=14 (full 3):
 PSYoungGen      total 135680K, used 129074K [0x000000076be00000, 0x0000000775f80000, 0x00000007c0000000)
  eden space 114176K, 100% used [0x000000076be00000,0x0000000772d80000,0x0000000772d80000)
  from space 21504K, 69% used [0x0000000774a80000,0x000000077590ca70,0x0000000775f80000)
  to   space 25600K, 0% used [0x0000000772d80000,0x0000000772d80000,0x0000000774680000)
 ParOldGen       total 226304K, used 46742K [0x00000006c3a00000, 0x00000006d1700000, 0x000000076be00000)
  object space 226304K, 20% used [0x00000006c3a00000,0x00000006c67a5870,0x00000006d1700000)
 Metaspace       used 77264K, capacity 78901K, committed 79232K, reserved 1118208K
  class space    used 9113K, capacity 9520K, committed 9600K, reserved 1048576K
Event: 12.820 GC heap after
Heap after GC invocations=14 (full 3):
 PSYoungGen      total 139776K, used 23486K [0x000000076be00000, 0x0000000775f80000, 0x00000007c0000000)
  eden space 114176K, 0% used [0x000000076be00000,0x000000076be00000,0x0000000772d80000)
  from space 25600K, 91% used [0x0000000772d80000,0x000000077446f880,0x0000000774680000)
  to   space 21504K, 0% used [0x0000000774a80000,0x0000000774a80000,0x0000000775f80000)
 ParOldGen       total 226304K, used 46750K [0x00000006c3a00000, 0x00000006d1700000, 0x000000076be00000)
  object space 226304K, 20% used [0x00000006c3a00000,0x00000006c67a7870,0x00000006d1700000)
 Metaspace       used 77264K, capacity 78901K, committed 79232K, reserved 1118208K
  class space    used 9113K, capacity 9520K, committed 9600K, reserved 1048576K
}

Deoptimization events (10 events):
Event: 13.681 Thread 0x00000000026c2800 Uncommon trap: reason=class_check action=maybe_recompile pc=0x0000000005134418 method=org.jetbrains.kotlin.ir.declarations.lazy.IrLazyClass.getParent()Lorg/jetbrains/kotlin/ir/declarations/IrDeclarationParent; @ 15
Event: 13.681 Thread 0x00000000026c2800 Uncommon trap: reason=class_check action=maybe_recompile pc=0x0000000005134418 method=org.jetbrains.kotlin.ir.declarations.lazy.IrLazyClass.getParent()Lorg/jetbrains/kotlin/ir/declarations/IrDeclarationParent; @ 15
Event: 13.681 Thread 0x00000000026c2800 Uncommon trap: reason=class_check action=maybe_recompile pc=0x0000000005134418 method=org.jetbrains.kotlin.ir.declarations.lazy.IrLazyClass.getParent()Lorg/jetbrains/kotlin/ir/declarations/IrDeclarationParent; @ 15
Event: 13.681 Thread 0x00000000026c2800 Uncommon trap: reason=class_check action=maybe_recompile pc=0x0000000005134418 method=org.jetbrains.kotlin.ir.declarations.lazy.IrLazyClass.getParent()Lorg/jetbrains/kotlin/ir/declarations/IrDeclarationParent; @ 15
Event: 13.701 Thread 0x00000000026c2800 Uncommon trap: reason=unstable_if action=reinterpret pc=0x0000000005198a58 method=org.jetbrains.kotlin.codegen.optimization.common.FastMethodAnalyzer.mergeControlFlowEdge(ILorg/jetbrains/org/objectweb/asm/tree/analysis/Frame;Z)V @ 198
Event: 13.706 Thread 0x00000000026c2800 Uncommon trap: reason=bimorphic action=maybe_recompile pc=0x0000000003f3ab28 method=java.util.regex.Matcher.search(I)Z @ 86
Event: 13.706 Thread 0x00000000026c2800 Uncommon trap: reason=bimorphic action=maybe_recompile pc=0x0000000003f3ab28 method=java.util.regex.Matcher.search(I)Z @ 86
Event: 13.722 Thread 0x00000000026c2800 Uncommon trap: reason=bimorphic action=maybe_recompile pc=0x0000000004d9cecc method=org.jetbrains.org.objectweb.asm.ClassReader.readElementValue(Lorg/jetbrains/org/objectweb/asm/AnnotationVisitor;ILjava/lang/String;[C)I @ 485
Event: 13.735 Thread 0x00000000026c2800 Uncommon trap: reason=bimorphic action=maybe_recompile pc=0x0000000004d9cecc method=org.jetbrains.org.objectweb.asm.ClassReader.readElementValue(Lorg/jetbrains/org/objectweb/asm/AnnotationVisitor;ILjava/lang/String;[C)I @ 485
Event: 13.743 Thread 0x00000000026c2800 Uncommon trap: reason=unstable_if action=reinterpret pc=0x000000000525bc78 method=org.jetbrains.org.objectweb.asm.tree.analysis.Frame.execute(Lorg/jetbrains/org/objectweb/asm/tree/AbstractInsnNode;Lorg/jetbrains/org/objectweb/asm/tree/analysis/Interpreter

Classes redefined (0 events):
No events

Internal exceptions (10 events):
Event: 9.226 Thread 0x00000000026c2800 Exception <a 'java/lang/NoSuchMethodError': java.lang.Object.lambda$static$54()Lcom/intellij/lang/ASTNode;> (0x000000076df946c8) thrown at [C:\re\workspace\8-2-build-windows-amd64-cygwin\jdk8u202\12323\hotspot\src\share\vm\interpreter\linkResolver.cpp, li
Event: 9.227 Thread 0x00000000026c2800 Exception <a 'java/lang/NoSuchMethodError': java.lang.Object.lambda$static$55()Lcom/intellij/lang/ASTNode;> (0x000000076df979a8) thrown at [C:\re\workspace\8-2-build-windows-amd64-cygwin\jdk8u202\12323\hotspot\src\share\vm\interpreter\linkResolver.cpp, li
Event: 9.227 Thread 0x00000000026c2800 Exception <a 'java/lang/NoSuchMethodError': java.lang.Object.lambda$static$56()Lcom/intellij/lang/ASTNode;> (0x000000076df9ac90) thrown at [C:\re\workspace\8-2-build-windows-amd64-cygwin\jdk8u202\12323\hotspot\src\share\vm\interpreter\linkResolver.cpp, li
Event: 9.227 Thread 0x00000000026c2800 Exception <a 'java/lang/NoSuchMethodError': java.lang.Object.lambda$static$57()Lcom/intellij/lang/ASTNode;> (0x000000076df9df70) thrown at [C:\re\workspace\8-2-build-windows-amd64-cygwin\jdk8u202\12323\hotspot\src\share\vm\interpreter\linkResolver.cpp, li
Event: 9.278 Thread 0x00000000026c2800 Exception <a 'java/lang/NoSuchMethodError': java.lang.Object.lambda$identity$2(I)I> (0x000000076e26f770) thrown at [C:\re\workspace\8-2-build-windows-amd64-cygwin\jdk8u202\12323\hotspot\src\share\vm\interpreter\linkResolver.cpp, line 620]
Event: 9.712 Thread 0x00000000026c2800 Exception <a 'java/lang/IncompatibleClassChangeError': Found class java.lang.Object, but interface was expected> (0x000000076fc8e208) thrown at [C:\re\workspace\8-2-build-windows-amd64-cygwin\jdk8u202\12323\hotspot\src\share\vm\interpreter\linkResolver.cp
Event: 10.568 Thread 0x00000000026c2800 Implicit null exception at 0x00000000029c3616 to 0x00000000029c39c1
Event: 10.587 Thread 0x00000000026c2800 Implicit null exception at 0x00000000029a0f94 to 0x00000000029a1361
Event: 11.505 Thread 0x00000000026c2800 Implicit null exception at 0x0000000004b22770 to 0x0000000004b227d5
Event: 12.385 Thread 0x00000000026c2800 Implicit null exception at 0x0000000002e0ed94 to 0x0000000002e0efe9

Events (10 events):
Event: 13.743 Thread 0x00000000026c2800 DEOPT PACKING pc=0x000000000525bc78 sp=0x000000000256c8c0
Event: 13.743 Thread 0x00000000026c2800 DEOPT UNPACKING pc=0x000000000280583b sp=0x000000000256c880 mode 2
Event: 13.752 loading class org/jetbrains/kotlin/backend/jvm/codegen/IrSourceCompilerForInline$compileInlineFunction$2
Event: 13.752 loading class org/jetbrains/kotlin/backend/jvm/codegen/IrSourceCompilerForInline$compileInlineFunction$2 done
Event: 13.752 loading class org/jetbrains/kotlin/backend/jvm/codegen/IrSourceCompilerForInline$compileInlineFunction$2
Event: 13.752 loading class org/jetbrains/kotlin/backend/jvm/codegen/IrSourceCompilerForInline$compileInlineFunction$2 done
Event: 13.753 loading class org/jetbrains/kotlin/incremental/components/LocationInfo
Event: 13.753 loading class org/jetbrains/kotlin/incremental/components/LocationInfo done
Event: 13.753 loading class org/jetbrains/kotlin/incremental/components/LocationInfo
Event: 13.753 loading class org/jetbrains/kotlin/incremental/components/LocationInfo done


Dynamic libraries:
0x00007ff72e670000 - 0x00007ff72e6a7000 	C:\Program Files\Java\jdk1.8.0_202\bin\java.exe
0x00007ff9ee480000 - 0x00007ff9ee689000 	C:\windows\SYSTEM32\ntdll.dll
0x00007ff9af940000 - 0x00007ff9af957000 	C:\Program Files\Avast Software\Avast\aswhook.dll
0x00007ff9edd40000 - 0x00007ff9eddfe000 	C:\windows\System32\KERNEL32.DLL
0x00007ff9ebc10000 - 0x00007ff9ebf8b000 	C:\windows\System32\KERNELBASE.dll
0x00007ff9ede80000 - 0x00007ff9edf2e000 	C:\windows\System32\ADVAPI32.dll
0x00007ff9ec8e0000 - 0x00007ff9ec983000 	C:\windows\System32\msvcrt.dll
0x00007ff9eca00000 - 0x00007ff9eca9e000 	C:\windows\System32\sechost.dll
0x00007ff9ecc60000 - 0x00007ff9ecd80000 	C:\windows\System32\RPCRT4.dll
0x00007ff9ecaa0000 - 0x00007ff9ecc4d000 	C:\windows\System32\USER32.dll
0x00007ff9eb950000 - 0x00007ff9eb976000 	C:\windows\System32\win32u.dll
0x00007ff9ee410000 - 0x00007ff9ee439000 	C:\windows\System32\GDI32.dll
0x00007ff9ec1e0000 - 0x00007ff9ec2f8000 	C:\windows\System32\gdi32full.dll
0x00007ff9eba00000 - 0x00007ff9eba9d000 	C:\windows\System32\msvcp_win.dll
0x00007ff9ebf90000 - 0x00007ff9ec0a1000 	C:\windows\System32\ucrtbase.dll
0x00007ff9e1240000 - 0x00007ff9e14e5000 	C:\windows\WinSxS\amd64_microsoft.windows.common-controls_6595b64144ccf1df_6.0.22000.120_none_9d947278b86cc467\COMCTL32.dll
0x00007ff9edd00000 - 0x00007ff9edd32000 	C:\windows\System32\IMM32.DLL
0x0000000051800000 - 0x00000000518d2000 	C:\Program Files\Java\jdk1.8.0_202\jre\bin\msvcr100.dll
0x0000000050f50000 - 0x00000000517f5000 	C:\Program Files\Java\jdk1.8.0_202\jre\bin\server\jvm.dll
0x00007ff9ecc50000 - 0x00007ff9ecc58000 	C:\windows\System32\PSAPI.DLL
0x00007ff9cc5d0000 - 0x00007ff9cc5d9000 	C:\windows\SYSTEM32\WSOCK32.dll
0x00007ff9e2520000 - 0x00007ff9e252a000 	C:\windows\SYSTEM32\VERSION.dll
0x00007ff9e5e60000 - 0x00007ff9e5e93000 	C:\windows\SYSTEM32\WINMM.dll
0x00007ff9ee300000 - 0x00007ff9ee36f000 	C:\windows\System32\WS2_32.dll
0x00007ff9d4330000 - 0x00007ff9d433f000 	C:\Program Files\Java\jdk1.8.0_202\jre\bin\verify.dll
0x00007ff9c65d0000 - 0x00007ff9c65f9000 	C:\Program Files\Java\jdk1.8.0_202\jre\bin\java.dll
0x00007ff9c6400000 - 0x00007ff9c6423000 	C:\Program Files\Java\jdk1.8.0_202\jre\bin\instrument.dll
0x00007ff9d0c60000 - 0x00007ff9d0c76000 	C:\Program Files\Java\jdk1.8.0_202\jre\bin\zip.dll
0x00007ff9ecd80000 - 0x00007ff9ed537000 	C:\windows\System32\SHELL32.dll
0x00007ff9e99b0000 - 0x00007ff9ea215000 	C:\windows\SYSTEM32\windows.storage.dll
0x00007ff9ec3c0000 - 0x00007ff9ec738000 	C:\windows\System32\combase.dll
0x00007ff9e9840000 - 0x00007ff9e99a6000 	C:\windows\SYSTEM32\wintypes.dll
0x00007ff9ee1b0000 - 0x00007ff9ee29a000 	C:\windows\System32\SHCORE.dll
0x00007ff9ee2a0000 - 0x00007ff9ee2fd000 	C:\windows\System32\shlwapi.dll
0x00007ff9eb880000 - 0x00007ff9eb8a1000 	C:\windows\SYSTEM32\profapi.dll
0x00007ff9e6110000 - 0x00007ff9e612a000 	C:\Program Files\JetBrains\IntelliJ IDEA 2022.2.3\bin\breakgen64.dll
0x00007ff9c79e0000 - 0x00007ff9c79fa000 	C:\Program Files\Java\jdk1.8.0_202\jre\bin\net.dll
0x00007ff9e3e90000 - 0x00007ff9e4080000 	C:\windows\SYSTEM32\urlmon.dll
0x00007ff9e3ba0000 - 0x00007ff9e3bc8000 	C:\windows\SYSTEM32\srvcli.dll
0x00007ff9e3bd0000 - 0x00007ff9e3e83000 	C:\windows\SYSTEM32\iertutil.dll
0x00007ff9ea620000 - 0x00007ff9ea62c000 	C:\windows\SYSTEM32\netutils.dll
0x00007ff9eaf60000 - 0x00007ff9eafc7000 	C:\windows\system32\mswsock.dll
0x00007ff9eb1a0000 - 0x00007ff9eb1b8000 	C:\windows\SYSTEM32\CRYPTSP.dll
0x00007ff9eaa20000 - 0x00007ff9eaa55000 	C:\windows\system32\rsaenh.dll
0x00007ff9eb050000 - 0x00007ff9eb079000 	C:\windows\SYSTEM32\USERENV.dll
0x00007ff9eb330000 - 0x00007ff9eb357000 	C:\windows\SYSTEM32\bcrypt.dll
0x00007ff9eb980000 - 0x00007ff9eb9ff000 	C:\windows\System32\bcryptprimitives.dll
0x00007ff9eb1c0000 - 0x00007ff9eb1cc000 	C:\windows\SYSTEM32\CRYPTBASE.dll
0x00007ff9ea460000 - 0x00007ff9ea48d000 	C:\windows\SYSTEM32\IPHLPAPI.DLL
0x00007ff9edb30000 - 0x00007ff9edb39000 	C:\windows\System32\NSI.dll
0x00007ff9e4f90000 - 0x00007ff9e4fa9000 	C:\windows\SYSTEM32\dhcpcsvc6.DLL
0x00007ff9e52f0000 - 0x00007ff9e530e000 	C:\windows\SYSTEM32\dhcpcsvc.DLL
0x00007ff9ea490000 - 0x00007ff9ea578000 	C:\windows\SYSTEM32\DNSAPI.dll
0x00007ff9c6460000 - 0x00007ff9c6472000 	C:\Program Files\Java\jdk1.8.0_202\jre\bin\nio.dll
0x00007ff9d4350000 - 0x00007ff9d435a000 	C:\Users\ciaoc\AppData\Local\Temp\jansi-1.17.1-4076537723399639956.dll
0x00007ff9d4340000 - 0x00007ff9d434a000 	C:\Users\ciaoc\AppData\Local\Temp\jansi-1.17.1-8290199564371490382.dll

VM Arguments:
jvm_args: -Dmaven.multiModuleProjectDirectory=C:\Users\ciaoc\OneDrive\Desktop\JsonFile -Dmaven.home=C:\Program Files\JetBrains\IntelliJ IDEA 2022.2.3\plugins\maven\lib\maven3 -Dclassworlds.conf=C:\Program Files\JetBrains\IntelliJ IDEA 2022.2.3\plugins\maven\lib\maven3\bin\m2.conf -Dmaven.ext.class.path=C:\Program Files\JetBrains\IntelliJ IDEA 2022.2.3\plugins\maven\lib\maven-event-listener.jar -javaagent:C:\Program Files\JetBrains\IntelliJ IDEA 2022.2.3\lib\idea_rt.jar=62552:C:\Program Files\JetBrains\IntelliJ IDEA 2022.2.3\bin -Dfile.encoding=UTF-8 
java_command: org.codehaus.classworlds.Launcher -Didea.version=2022.2.3 compile
java_class_path (initial): C:\Program Files\JetBrains\IntelliJ IDEA 2022.2.3\plugins\maven\lib\maven3\boot\plexus-classworlds-2.6.0.jar;C:\Program Files\JetBrains\IntelliJ IDEA 2022.2.3\plugins\maven\lib\maven3\boot\plexus-classworlds.license;C:\Program Files\JetBrains\IntelliJ IDEA 2022.2.3\lib\idea_rt.jar
Launcher Type: SUN_STANDARD

Environment Variables:
PATH=C:\MinGW\bin;C:\Program Files\Common Files\Oracle\Java\javapath;C:\Program Files (x86)\Common Files\Oracle\Java\javapath;C:\windows\system32;C:\windows;C:\windows\System32\Wbem;C:\windows\System32\WindowsPowerShell\v1.0\;C:\windows\System32\OpenSSH\;C:\Program Files\Microsoft SQL Server\150\Tools\Binn\;C:\Program Files\Microsoft SQL Server\Client SDK\ODBC\170\Tools\Binn\;C:\Program Files\dotnet\;C:\Program Files\Git\cmd;C:\Program Files\nodejs\;C:\Users\ciaoc\AppData\Local\Microsoft\WindowsApps;C:\Users\ciaoc\AppData\Local\Programs\Microsoft VS Code\bin;C:\Users\ciaoc\.dotnet\tools;C:\Users\ciaoc\AppData\Local\GitHubDesktop\bin;C:\Program Files\JetBrains\JetBrains Rider 2022.2.3\bin;;C:\Program Files\JetBrains\IntelliJ IDEA Community Edition 2022.1.3\bin;;C:\Program Files\JetBrains\IntelliJ IDEA 2022.2.3\bin;;C:\Users\ciaoc\AppData\Roaming\npm;C:\MinGW\bin;
USERNAME=ciaoc
OS=Windows_NT
PROCESSOR_IDENTIFIER=Intel64 Family 6 Model 140 Stepping 1, GenuineIntel



---------------  S Y S T E M  ---------------

OS: Windows 10.0 , 64 bit Build 22000 (10.0.22000.1335)

CPU:total 8 (initial active 8) (4 cores per cpu, 2 threads per core) family 6 model 140 stepping 1, cmov, cx8, fxsr, mmx, sse, sse2, sse3, ssse3, sse4.1, sse4.2, popcnt, avx, avx2, aes, clmul, erms, 3dnowpref, lzcnt, ht, tsc, tscinvbit, bmi1, bmi2, adx

Memory: 4k page, physical 16539192k(1055784k free), swap 26691332k(5352k free)

vm_info: Java HotSpot(TM) 64-Bit Server VM (25.202-b08) for windows-amd64 JRE (1.8.0_202-b08), built on Dec 15 2018 19:54:30 by "java_re" with MS VC++ 10.0 (VS2010)

time: Sat Jan 21 00:35:01 2023
timezone: ora solare Europa occidentale
elapsed time: 13 seconds (0d 0h 0m 13s)

