#
# There is insufficient memory for the Java Runtime Environment to continue.
# Native memory allocation (malloc) failed to allocate 2128016 bytes for Chunk::new
# Possible reasons:
#   The system is out of physical RAM or swap space
#   The process is running with CompressedOops enabled, and the Java Heap may be blocking the growth of the native heap
# Possible solutions:
#   Reduce memory load on the system
#   Increase physical memory or swap space
#   Check if swap backing store is full
#   Decrease Java heap size (-Xmx/-Xms)
#   Decrease number of Java threads
#   Decrease Java thread stack sizes (-Xss)
#   Set larger code cache with -XX:ReservedCodeCacheSize=
#   JVM is running with Zero Based Compressed Oops mode in which the Java heap is
#     placed in the first 32GB address space. The Java Heap base address is the
#     maximum limit for the native heap growth. Please use -XX:HeapBaseMinAddress
#     to set the Java Heap base and to place the Java Heap above 32GB virtual address.
# This output file may be truncated or incomplete.
#
#  Out of Memory Error (allocation.cpp:389), pid=33288, tid=0x0000000000004b5c
#
# JRE version: Java(TM) SE Runtime Environment (8.0_202-b08) (build 1.8.0_202-b08)
# Java VM: Java HotSpot(TM) 64-Bit Server VM (25.202-b08 mixed mode windows-amd64 compressed oops)
# Failed to write core dump. Minidumps are not enabled by default on client versions of Windows
#

---------------  T H R E A D  ---------------

Current thread (0x000000001eacd800):  JavaThread "C2 CompilerThread2" daemon [_thread_in_native, id=19292, stack(0x000000001f650000,0x000000001f750000)]

Stack: [0x000000001f650000,0x000000001f750000]
[error occurred during error reporting (printing stack bounds), id 0xc0000005]

Native frames: (J=compiled Java code, j=interpreted, Vv=VM code, C=native code)


Current CompileTask:
C2:   7439 6304       4       org.jetbrains.kotlin.parsing.AbstractKotlinParsing::at (114 bytes)


---------------  P R O C E S S  ---------------

Java Threads: ( => current thread )
  0x000000001eb64000 JavaThread "Service Thread" daemon [_thread_blocked, id=34372, stack(0x000000001f850000,0x000000001f950000)]
  0x000000001ead2800 JavaThread "C1 CompilerThread3" daemon [_thread_blocked, id=27836, stack(0x000000001f750000,0x000000001f850000)]
=>0x000000001eacd800 JavaThread "C2 CompilerThread2" daemon [_thread_in_native, id=19292, stack(0x000000001f650000,0x000000001f750000)]
  0x000000001eac9800 JavaThread "C2 CompilerThread1" daemon [_thread_blocked, id=4248, stack(0x000000001f550000,0x000000001f650000)]
  0x000000001eac7000 JavaThread "C2 CompilerThread0" daemon [_thread_in_native, id=36396, stack(0x000000001f450000,0x000000001f550000)]
  0x000000001ea73800 JavaThread "Monitor Ctrl-Break" daemon [_thread_in_native, id=20528, stack(0x000000001f350000,0x000000001f450000)]
  0x000000001ea51000 JavaThread "Attach Listener" daemon [_thread_blocked, id=30340, stack(0x000000001f250000,0x000000001f350000)]
  0x000000001ea50000 JavaThread "Signal Dispatcher" daemon [_thread_blocked, id=10216, stack(0x000000001f150000,0x000000001f250000)]
  0x000000001cc3e000 JavaThread "Finalizer" daemon [_thread_blocked, id=36580, stack(0x000000001ef20000,0x000000001f020000)]
  0x000000001ea40800 JavaThread "Reference Handler" daemon [_thread_blocked, id=18500, stack(0x000000001ee20000,0x000000001ef20000)]
  0x0000000003232800 JavaThread "main" [_thread_in_Java, id=3116, stack(0x0000000002ee0000,0x0000000002fe0000)]

Other Threads:
  0x000000001cc3a000 VMThread [stack: 0x000000001e920000,0x000000001ea20000] [id=2604]
  0x000000001eb91800 WatcherThread [stack: 0x000000001f950000,0x000000001fa50000] [id=38484]

VM state:not at safepoint (normal execution)

VM Mutex/Monitor currently owned by a thread: None

heap address: 0x00000006c3a00000, size: 4038 MB, Compressed Oops mode: Zero based, Oop shift amount: 3
Narrow klass base: 0x0000000000000000, Narrow klass shift: 3
Compressed class space size: 1073741824 Address: 0x00000007c0000000

Heap:
 PSYoungGen      total 187392K, used 32211K [0x000000076be00000, 0x000000077a680000, 0x00000007c0000000)
  eden space 160256K, 20% used [0x000000076be00000,0x000000076dd74d38,0x0000000775a80000)
  from space 27136K, 0% used [0x0000000777180000,0x0000000777180000,0x0000000778c00000)
  to   space 22528K, 0% used [0x0000000779080000,0x0000000779080000,0x000000077a680000)
 ParOldGen       total 113152K, used 52939K [0x00000006c3a00000, 0x00000006ca880000, 0x000000076be00000)
  object space 113152K, 46% used [0x00000006c3a00000,0x00000006c6db2fe8,0x00000006ca880000)
 Metaspace       used 60508K, capacity 61703K, committed 62080K, reserved 1103872K
  class space    used 7482K, capacity 7797K, committed 7808K, reserved 1048576K

Card table byte_map: [0x00000000126f0000,0x0000000012ee0000] byte_map_base: 0x000000000f0d3000

Marking Bits: (ParMarkBitMap*) 0x0000000051775ce0
 Begin Bits: [0x0000000013c30000, 0x0000000017b48000)
 End Bits:   [0x0000000017b48000, 0x000000001ba60000)

Polling page: 0x0000000001670000

CodeCache: size=245760Kb used=20111Kb max_used=20268Kb free=225648Kb
 bounds [0x0000000003330000, 0x0000000004710000, 0x0000000012330000]
 total_blobs=6597 nmethods=6034 adapters=475
 compilation: enabled

Compilation events (10 events):
Event: 7.429 Thread 0x000000001eac7000 6718       4       com.intellij.openapi.vfs.VirtualFile::findChild (62 bytes)
Event: 7.429 Thread 0x000000001ead2800 nmethod 6716 0x00000000047032d0 code [0x0000000004703500, 0x00000000047043d8]
Event: 7.429 Thread 0x000000001ead2800 6717       3       org.jetbrains.kotlin.load.java.structure.impl.classFiles.AnnotationsCollectorFieldVisitor::<init> (40 bytes)
Event: 7.429 Thread 0x000000001ead2800 nmethod 6717 0x0000000004704850 code [0x0000000004704b20, 0x0000000004705ce8]
Event: 7.429 Thread 0x000000001ead2800 6719       3       org.jetbrains.kotlin.cli.jvm.index.JvmDependenciesIndexImpl$Cache::get (64 bytes)
Event: 7.430 Thread 0x000000001ead2800 nmethod 6719 0x00000000047068d0 code [0x0000000004706b20, 0x00000000047078f8]
Event: 7.435 Thread 0x000000001ead2800 6720       3       com.intellij.openapi.vfs.impl.jar.CoreJarVirtualFile::getFileSystem (16 bytes)
Event: 7.435 Thread 0x000000001ead2800 nmethod 6720 0x00000000046fda10 code [0x00000000046fdba0, 0x00000000046fde58]
Event: 7.435 Thread 0x000000001ead2800 6721       3       com.intellij.openapi.vfs.impl.jar.CoreJarHandler::getFileSystem (14 bytes)
Event: 7.436 Thread 0x000000001ead2800 nmethod 6721 0x0000000003450c10 code [0x0000000003450d80, 0x0000000003450f68]

GC Heap History (10 events):
Event: 4.255 GC heap before
{Heap before GC invocations=6 (full 1):
 PSYoungGen      total 140800K, used 121953K [0x000000076be00000, 0x0000000775200000, 0x00000007c0000000)
  eden space 130048K, 93% used [0x000000076be00000,0x00000007735187c0,0x0000000773d00000)
  from space 10752K, 0% used [0x0000000774780000,0x0000000774780000,0x0000000775200000)
  to   space 10752K, 0% used [0x0000000773d00000,0x0000000773d00000,0x0000000774780000)
 ParOldGen       total 113152K, used 12007K [0x00000006c3a00000, 0x00000006ca880000, 0x000000076be00000)
  object space 113152K, 10% used [0x00000006c3a00000,0x00000006c45b9dc8,0x00000006ca880000)
 Metaspace       used 34448K, capacity 35236K, committed 35416K, reserved 1081344K
  class space    used 4057K, capacity 4327K, committed 4352K, reserved 1048576K
Event: 4.274 GC heap after
Heap after GC invocations=6 (full 1):
 PSYoungGen      total 140800K, used 10731K [0x000000076be00000, 0x000000077a680000, 0x00000007c0000000)
  eden space 130048K, 0% used [0x000000076be00000,0x000000076be00000,0x0000000773d00000)
  from space 10752K, 99% used [0x0000000773d00000,0x000000077477ac60,0x0000000774780000)
  to   space 22528K, 0% used [0x0000000779080000,0x0000000779080000,0x000000077a680000)
 ParOldGen       total 113152K, used 26472K [0x00000006c3a00000, 0x00000006ca880000, 0x000000076be00000)
  object space 113152K, 23% used [0x00000006c3a00000,0x00000006c53da110,0x00000006ca880000)
 Metaspace       used 34448K, capacity 35236K, committed 35416K, reserved 1081344K
  class space    used 4057K, capacity 4327K, committed 4352K, reserved 1048576K
}
Event: 4.274 GC heap before
{Heap before GC invocations=7 (full 2):
 PSYoungGen      total 140800K, used 10731K [0x000000076be00000, 0x000000077a680000, 0x00000007c0000000)
  eden space 130048K, 0% used [0x000000076be00000,0x000000076be00000,0x0000000773d00000)
  from space 10752K, 99% used [0x0000000773d00000,0x000000077477ac60,0x0000000774780000)
  to   space 22528K, 0% used [0x0000000779080000,0x0000000779080000,0x000000077a680000)
 ParOldGen       total 113152K, used 26472K [0x00000006c3a00000, 0x00000006ca880000, 0x000000076be00000)
  object space 113152K, 23% used [0x00000006c3a00000,0x00000006c53da110,0x00000006ca880000)
 Metaspace       used 34448K, capacity 35236K, committed 35416K, reserved 1081344K
  class space    used 4057K, capacity 4327K, committed 4352K, reserved 1048576K
Event: 4.370 GC heap after
Heap after GC invocations=7 (full 2):
 PSYoungGen      total 140800K, used 0K [0x000000076be00000, 0x000000077a680000, 0x00000007c0000000)
  eden space 130048K, 0% used [0x000000076be00000,0x000000076be00000,0x0000000773d00000)
  from space 10752K, 0% used [0x0000000773d00000,0x0000000773d00000,0x0000000774780000)
  to   space 22528K, 0% used [0x0000000779080000,0x0000000779080000,0x000000077a680000)
 ParOldGen       total 113152K, used 34649K [0x00000006c3a00000, 0x00000006ca880000, 0x000000076be00000)
  object space 113152K, 30% used [0x00000006c3a00000,0x00000006c5bd66b0,0x00000006ca880000)
 Metaspace       used 34448K, capacity 35236K, committed 35416K, reserved 1081344K
  class space    used 4057K, capacity 4327K, committed 4352K, reserved 1048576K
}
Event: 5.583 GC heap before
{Heap before GC invocations=8 (full 2):
 PSYoungGen      total 140800K, used 130048K [0x000000076be00000, 0x000000077a680000, 0x00000007c0000000)
  eden space 130048K, 100% used [0x000000076be00000,0x0000000773d00000,0x0000000773d00000)
  from space 10752K, 0% used [0x0000000773d00000,0x0000000773d00000,0x0000000774780000)
  to   space 22528K, 0% used [0x0000000779080000,0x0000000779080000,0x000000077a680000)
 ParOldGen       total 113152K, used 34649K [0x00000006c3a00000, 0x00000006ca880000, 0x000000076be00000)
  object space 113152K, 30% used [0x00000006c3a00000,0x00000006c5bd66b0,0x00000006ca880000)
 Metaspace       used 47352K, capacity 48317K, committed 48640K, reserved 1091584K
  class space    used 6080K, capacity 6354K, committed 6400K, reserved 1048576K
Event: 5.603 GC heap after
Heap after GC invocations=8 (full 2):
 PSYoungGen      total 182784K, used 22513K [0x000000076be00000, 0x000000077a680000, 0x00000007c0000000)
  eden space 160256K, 0% used [0x000000076be00000,0x000000076be00000,0x0000000775a80000)
  from space 22528K, 99% used [0x0000000779080000,0x000000077a67c4a0,0x000000077a680000)
  to   space 27136K, 0% used [0x0000000777180000,0x0000000777180000,0x0000000778c00000)
 ParOldGen       total 113152K, used 35755K [0x00000006c3a00000, 0x00000006ca880000, 0x000000076be00000)
  object space 113152K, 31% used [0x00000006c3a00000,0x00000006c5ceae70,0x00000006ca880000)
 Metaspace       used 47352K, capacity 48317K, committed 48640K, reserved 1091584K
  class space    used 6080K, capacity 6354K, committed 6400K, reserved 1048576K
}
Event: 6.877 GC heap before
{Heap before GC invocations=9 (full 2):
 PSYoungGen      total 182784K, used 154574K [0x000000076be00000, 0x000000077a680000, 0x00000007c0000000)
  eden space 160256K, 82% used [0x000000076be00000,0x0000000773ef7538,0x0000000775a80000)
  from space 22528K, 99% used [0x0000000779080000,0x000000077a67c4a0,0x000000077a680000)
  to   space 27136K, 0% used [0x0000000777180000,0x0000000777180000,0x0000000778c00000)
 ParOldGen       total 113152K, used 35755K [0x00000006c3a00000, 0x00000006ca880000, 0x000000076be00000)
  object space 113152K, 31% used [0x00000006c3a00000,0x00000006c5ceae70,0x00000006ca880000)
 Metaspace       used 57563K, capacity 58717K, committed 59008K, reserved 1101824K
  class space    used 7122K, capacity 7454K, committed 7552K, reserved 1048576K
Event: 6.895 GC heap after
Heap after GC invocations=9 (full 2):
 PSYoungGen      total 187392K, used 27133K [0x000000076be00000, 0x000000077a680000, 0x00000007c0000000)
  eden space 160256K, 0% used [0x000000076be00000,0x000000076be00000,0x0000000775a80000)
  from space 27136K, 99% used [0x0000000777180000,0x0000000778bff488,0x0000000778c00000)
  to   space 22528K, 0% used [0x0000000779080000,0x0000000779080000,0x000000077a680000)
 ParOldGen       total 113152K, used 39383K [0x00000006c3a00000, 0x00000006ca880000, 0x000000076be00000)
  object space 113152K, 34% used [0x00000006c3a00000,0x00000006c6075f78,0x00000006ca880000)
 Metaspace       used 57563K, capacity 58717K, committed 59008K, reserved 1101824K
  class space    used 7122K, capacity 7454K, committed 7552K, reserved 1048576K
}
Event: 6.895 GC heap before
{Heap before GC invocations=10 (full 3):
 PSYoungGen      total 187392K, used 27133K [0x000000076be00000, 0x000000077a680000, 0x00000007c0000000)
  eden space 160256K, 0% used [0x000000076be00000,0x000000076be00000,0x0000000775a80000)
  from space 27136K, 99% used [0x0000000777180000,0x0000000778bff488,0x0000000778c00000)
  to   space 22528K, 0% used [0x0000000779080000,0x0000000779080000,0x000000077a680000)
 ParOldGen       total 113152K, used 39383K [0x00000006c3a00000, 0x00000006ca880000, 0x000000076be00000)
  object space 113152K, 34% used [0x00000006c3a00000,0x00000006c6075f78,0x00000006ca880000)
 Metaspace       used 57563K, capacity 58717K, committed 59008K, reserved 1101824K
  class space    used 7122K, capacity 7454K, committed 7552K, reserved 1048576K
Event: 7.044 GC heap after
Heap after GC invocations=10 (full 3):
 PSYoungGen      total 187392K, used 0K [0x000000076be00000, 0x000000077a680000, 0x00000007c0000000)
  eden space 160256K, 0% used [0x000000076be00000,0x000000076be00000,0x0000000775a80000)
  from space 27136K, 0% used [0x0000000777180000,0x0000000777180000,0x0000000778c00000)
  to   space 22528K, 0% used [0x0000000779080000,0x0000000779080000,0x000000077a680000)
 ParOldGen       total 113152K, used 52939K [0x00000006c3a00000, 0x00000006ca880000, 0x000000076be00000)
  object space 113152K, 46% used [0x00000006c3a00000,0x00000006c6db2fe8,0x00000006ca880000)
 Metaspace       used 57563K, capacity 58717K, committed 59008K, reserved 1101824K
  class space    used 7122K, capacity 7454K, committed 7552K, reserved 1048576K
}

Deoptimization events (10 events):
Event: 7.077 Thread 0x0000000003232800 Uncommon trap: reason=bimorphic action=maybe_recompile pc=0x0000000004314710 method=java.util.AbstractList.hashCode()I @ 3
Event: 7.077 Thread 0x0000000003232800 Uncommon trap: reason=bimorphic action=maybe_recompile pc=0x0000000004314710 method=java.util.AbstractList.hashCode()I @ 3
Event: 7.077 Thread 0x0000000003232800 Uncommon trap: reason=bimorphic action=maybe_recompile pc=0x0000000004314710 method=java.util.AbstractList.hashCode()I @ 3
Event: 7.077 Thread 0x0000000003232800 Uncommon trap: reason=bimorphic action=maybe_recompile pc=0x0000000004314710 method=java.util.AbstractList.hashCode()I @ 3
Event: 7.153 Thread 0x0000000003232800 Uncommon trap: reason=unstable_if action=reinterpret pc=0x0000000004433d8c method=org.jetbrains.kotlin.name.Name.hashCode()I @ 16
Event: 7.238 Thread 0x0000000003232800 Uncommon trap: reason=unstable_if action=reinterpret pc=0x00000000038cf404 method=kotlin.jvm.internal.Intrinsics.areEqual(Ljava/lang/Object;Ljava/lang/Object;)Z @ 5
Event: 7.320 Thread 0x0000000003232800 Uncommon trap: reason=unstable_if action=reinterpret pc=0x0000000004575304 method=org.jetbrains.org.objectweb.asm.ClassReader.readMethod(Lorg/jetbrains/org/objectweb/asm/ClassVisitor;Lorg/jetbrains/org/objectweb/asm/Context;I)I @ 313
Event: 7.333 Thread 0x0000000003232800 Uncommon trap: reason=unstable_if action=reinterpret pc=0x000000000436d304 method=com.intellij.psi.tree.TokenSet.contains(Lcom/intellij/psi/tree/IElementType;)Z @ 1
Event: 7.333 Thread 0x0000000003232800 Uncommon trap: reason=unstable_if action=reinterpret pc=0x0000000003a8e664 method=java.util.HashMap.hash(Ljava/lang/Object;)I @ 1
Event: 7.333 Thread 0x0000000003232800 Uncommon trap: reason=unstable_if action=reinterpret pc=0x000000000392908c method=java.util.HashMap.hash(Ljava/lang/Object;)I @ 1

Classes redefined (0 events):
No events

Internal exceptions (10 events):
Event: 4.601 Thread 0x0000000003232800 Exception <a 'java/lang/NoSuchMethodError': java.lang.Object.lambda$comparing$77a9974f$1(Ljava/util/function/Function;Ljava/lang/Object;Ljava/lang/Object;)I> (0x000000076d25f390) thrown at [C:\re\workspace\8-2-build-windows-amd64-cygwin\jdk8u202\12323\hot
Event: 5.977 Thread 0x0000000003232800 Exception <a 'java/lang/NoSuchMethodError': java.lang.Object.lambda$static$0(I)[Lorg/jetbrains/kotlin/psi/KtExpression;> (0x000000076e343ac0) thrown at [C:\re\workspace\8-2-build-windows-amd64-cygwin\jdk8u202\12323\hotspot\src\share\vm\interpreter\linkRes
Event: 6.021 Thread 0x0000000003232800 Exception <a 'java/lang/NoSuchMethodError': java.lang.Object.lambda$static$0(I)[Lorg/jetbrains/kotlin/psi/KtDeclaration;> (0x000000076e718f30) thrown at [C:\re\workspace\8-2-build-windows-amd64-cygwin\jdk8u202\12323\hotspot\src\share\vm\interpreter\linkRe
Event: 6.046 Thread 0x0000000003232800 Exception <a 'java/lang/NoSuchMethodError': java.lang.Object.lambda$static$0(I)[Lorg/jetbrains/kotlin/psi/KtTypeElement;> (0x000000076e94b1c8) thrown at [C:\re\workspace\8-2-build-windows-amd64-cygwin\jdk8u202\12323\hotspot\src\share\vm\interpreter\linkRe
Event: 6.264 Thread 0x0000000003232800 Exception <a 'java/lang/NoSuchMethodError': java.lang.Object.lambda$static$0(I)[Lcom/intellij/psi/PsiClass;> (0x000000076fe8f210) thrown at [C:\re\workspace\8-2-build-windows-amd64-cygwin\jdk8u202\12323\hotspot\src\share\vm\interpreter\linkResolver.cpp, l
Event: 6.840 Thread 0x0000000003232800 Implicit null exception at 0x000000000451ac73 to 0x000000000451b045
Event: 6.840 Thread 0x0000000003232800 Implicit null exception at 0x00000000040e9e2f to 0x00000000040e9e6d
Event: 7.333 Thread 0x0000000003232800 Implicit null exception at 0x000000000436d20c to 0x000000000436d2f1
Event: 7.333 Thread 0x0000000003232800 Implicit null exception at 0x0000000003a8db80 to 0x0000000003a8e64d
Event: 7.333 Thread 0x0000000003232800 Implicit null exception at 0x0000000003928bdb to 0x0000000003929071

Events (10 events):
Event: 7.436 Thread 0x000000001ead2800 flushing nmethod 0x00000000035b6950
Event: 7.436 Thread 0x000000001ead2800 flushing nmethod 0x00000000035b8090
Event: 7.436 Thread 0x000000001ead2800 flushing nmethod 0x00000000035b8c90
Event: 7.436 Thread 0x000000001ead2800 flushing nmethod 0x00000000035b9a10
Event: 7.436 Thread 0x000000001ead2800 flushing nmethod 0x00000000035bee10
Event: 7.436 Thread 0x000000001ead2800 flushing nmethod 0x00000000035d75d0
Event: 7.436 loading class com/intellij/psi/PsiClassOwnerEx
Event: 7.436 loading class com/intellij/psi/PsiClassOwnerEx done
Event: 7.436 loading class com/intellij/psi/PsiClassOwnerEx
Event: 7.436 loading class com/intellij/psi/PsiClassOwnerEx done


Dynamic libraries:
0x00007ff72e670000 - 0x00007ff72e6a7000 	C:\Program Files\Java\jdk1.8.0_202\bin\java.exe
0x00007ff9ee480000 - 0x00007ff9ee689000 	C:\windows\SYSTEM32\ntdll.dll
0x00007ff9af940000 - 0x00007ff9af957000 	C:\Program Files\Avast Software\Avast\aswhook.dll
0x00007ff9edd40000 - 0x00007ff9eddfe000 	C:\windows\System32\KERNEL32.DLL
0x00007ff9ebc10000 - 0x00007ff9ebf8b000 	C:\windows\System32\KERNELBASE.dll
0x00007ff9ede80000 - 0x00007ff9edf2e000 	C:\windows\System32\ADVAPI32.dll
0x00007ff9ec8e0000 - 0x00007ff9ec983000 	C:\windows\System32\msvcrt.dll
0x00007ff9eca00000 - 0x00007ff9eca9e000 	C:\windows\System32\sechost.dll
0x00007ff9ecc60000 - 0x00007ff9ecd80000 	C:\windows\System32\RPCRT4.dll
0x00007ff9ecaa0000 - 0x00007ff9ecc4d000 	C:\windows\System32\USER32.dll
0x00007ff9eb950000 - 0x00007ff9eb976000 	C:\windows\System32\win32u.dll
0x00007ff9ee410000 - 0x00007ff9ee439000 	C:\windows\System32\GDI32.dll
0x00007ff9ec1e0000 - 0x00007ff9ec2f8000 	C:\windows\System32\gdi32full.dll
0x00007ff9eba00000 - 0x00007ff9eba9d000 	C:\windows\System32\msvcp_win.dll
0x00007ff9ebf90000 - 0x00007ff9ec0a1000 	C:\windows\System32\ucrtbase.dll
0x00007ff9e1240000 - 0x00007ff9e14e5000 	C:\windows\WinSxS\amd64_microsoft.windows.common-controls_6595b64144ccf1df_6.0.22000.120_none_9d947278b86cc467\COMCTL32.dll
0x00007ff9edd00000 - 0x00007ff9edd32000 	C:\windows\System32\IMM32.DLL
0x0000000051800000 - 0x00000000518d2000 	C:\Program Files\Java\jdk1.8.0_202\jre\bin\msvcr100.dll
0x0000000050f50000 - 0x00000000517f5000 	C:\Program Files\Java\jdk1.8.0_202\jre\bin\server\jvm.dll
0x00007ff9ecc50000 - 0x00007ff9ecc58000 	C:\windows\System32\PSAPI.DLL
0x00007ff9cc5d0000 - 0x00007ff9cc5d9000 	C:\windows\SYSTEM32\WSOCK32.dll
0x00007ff9e5e60000 - 0x00007ff9e5e93000 	C:\windows\SYSTEM32\WINMM.dll
0x00007ff9e2520000 - 0x00007ff9e252a000 	C:\windows\SYSTEM32\VERSION.dll
0x00007ff9ee300000 - 0x00007ff9ee36f000 	C:\windows\System32\WS2_32.dll
0x00007ff9d4330000 - 0x00007ff9d433f000 	C:\Program Files\Java\jdk1.8.0_202\jre\bin\verify.dll
0x00007ff9c65d0000 - 0x00007ff9c65f9000 	C:\Program Files\Java\jdk1.8.0_202\jre\bin\java.dll
0x00007ff9c6400000 - 0x00007ff9c6423000 	C:\Program Files\Java\jdk1.8.0_202\jre\bin\instrument.dll
0x00007ff9d0c60000 - 0x00007ff9d0c76000 	C:\Program Files\Java\jdk1.8.0_202\jre\bin\zip.dll
0x00007ff9ecd80000 - 0x00007ff9ed537000 	C:\windows\System32\SHELL32.dll
0x00007ff9e99b0000 - 0x00007ff9ea215000 	C:\windows\SYSTEM32\windows.storage.dll
0x00007ff9ec3c0000 - 0x00007ff9ec738000 	C:\windows\System32\combase.dll
0x00007ff9e9840000 - 0x00007ff9e99a6000 	C:\windows\SYSTEM32\wintypes.dll
0x00007ff9ee1b0000 - 0x00007ff9ee29a000 	C:\windows\System32\SHCORE.dll
0x00007ff9ee2a0000 - 0x00007ff9ee2fd000 	C:\windows\System32\shlwapi.dll
0x00007ff9eb880000 - 0x00007ff9eb8a1000 	C:\windows\SYSTEM32\profapi.dll
0x00007ff9e6110000 - 0x00007ff9e612a000 	C:\Program Files\JetBrains\IntelliJ IDEA 2022.2.3\bin\breakgen64.dll
0x00007ff9c79e0000 - 0x00007ff9c79fa000 	C:\Program Files\Java\jdk1.8.0_202\jre\bin\net.dll
0x00007ff9e3e90000 - 0x00007ff9e4080000 	C:\windows\SYSTEM32\urlmon.dll
0x00007ff9e3ba0000 - 0x00007ff9e3bc8000 	C:\windows\SYSTEM32\srvcli.dll
0x00007ff9e3bd0000 - 0x00007ff9e3e83000 	C:\windows\SYSTEM32\iertutil.dll
0x00007ff9ea620000 - 0x00007ff9ea62c000 	C:\windows\SYSTEM32\netutils.dll
0x00007ff9eaf60000 - 0x00007ff9eafc7000 	C:\windows\system32\mswsock.dll
0x00007ff9eb1a0000 - 0x00007ff9eb1b8000 	C:\windows\SYSTEM32\CRYPTSP.dll
0x00007ff9eaa20000 - 0x00007ff9eaa55000 	C:\windows\system32\rsaenh.dll
0x00007ff9eb050000 - 0x00007ff9eb079000 	C:\windows\SYSTEM32\USERENV.dll
0x00007ff9eb330000 - 0x00007ff9eb357000 	C:\windows\SYSTEM32\bcrypt.dll
0x00007ff9eb980000 - 0x00007ff9eb9ff000 	C:\windows\System32\bcryptprimitives.dll
0x00007ff9eb1c0000 - 0x00007ff9eb1cc000 	C:\windows\SYSTEM32\CRYPTBASE.dll
0x00007ff9ea460000 - 0x00007ff9ea48d000 	C:\windows\SYSTEM32\IPHLPAPI.DLL
0x00007ff9edb30000 - 0x00007ff9edb39000 	C:\windows\System32\NSI.dll
0x00007ff9e4f90000 - 0x00007ff9e4fa9000 	C:\windows\SYSTEM32\dhcpcsvc6.DLL
0x00007ff9e52f0000 - 0x00007ff9e530e000 	C:\windows\SYSTEM32\dhcpcsvc.DLL
0x00007ff9ea490000 - 0x00007ff9ea578000 	C:\windows\SYSTEM32\DNSAPI.dll
0x00007ff9c6460000 - 0x00007ff9c6472000 	C:\Program Files\Java\jdk1.8.0_202\jre\bin\nio.dll
0x00007ff9d4350000 - 0x00007ff9d435a000 	C:\Users\ciaoc\AppData\Local\Temp\jansi-1.17.1-2736987866620961970.dll
0x00007ff9d4340000 - 0x00007ff9d434a000 	C:\Users\ciaoc\AppData\Local\Temp\jansi-1.17.1-2252282338316547073.dll

VM Arguments:
jvm_args: -Dmaven.multiModuleProjectDirectory=C:\Users\ciaoc\OneDrive\Desktop\JsonFile -Dmaven.home=C:\Program Files\JetBrains\IntelliJ IDEA 2022.2.3\plugins\maven\lib\maven3 -Dclassworlds.conf=C:\Program Files\JetBrains\IntelliJ IDEA 2022.2.3\plugins\maven\lib\maven3\bin\m2.conf -Dmaven.ext.class.path=C:\Program Files\JetBrains\IntelliJ IDEA 2022.2.3\plugins\maven\lib\maven-event-listener.jar -javaagent:C:\Program Files\JetBrains\IntelliJ IDEA 2022.2.3\lib\idea_rt.jar=62562:C:\Program Files\JetBrains\IntelliJ IDEA 2022.2.3\bin -Dfile.encoding=UTF-8 
java_command: org.codehaus.classworlds.Launcher -Didea.version=2022.2.3 install
java_class_path (initial): C:\Program Files\JetBrains\IntelliJ IDEA 2022.2.3\plugins\maven\lib\maven3\boot\plexus-classworlds-2.6.0.jar;C:\Program Files\JetBrains\IntelliJ IDEA 2022.2.3\plugins\maven\lib\maven3\boot\plexus-classworlds.license;C:\Program Files\JetBrains\IntelliJ IDEA 2022.2.3\lib\idea_rt.jar
Launcher Type: SUN_STANDARD

Environment Variables:
PATH=C:\MinGW\bin;C:\Program Files\Common Files\Oracle\Java\javapath;C:\Program Files (x86)\Common Files\Oracle\Java\javapath;C:\windows\system32;C:\windows;C:\windows\System32\Wbem;C:\windows\System32\WindowsPowerShell\v1.0\;C:\windows\System32\OpenSSH\;C:\Program Files\Microsoft SQL Server\150\Tools\Binn\;C:\Program Files\Microsoft SQL Server\Client SDK\ODBC\170\Tools\Binn\;C:\Program Files\dotnet\;C:\Program Files\Git\cmd;C:\Program Files\nodejs\;C:\Users\ciaoc\AppData\Local\Microsoft\WindowsApps;C:\Users\ciaoc\AppData\Local\Programs\Microsoft VS Code\bin;C:\Users\ciaoc\.dotnet\tools;C:\Users\ciaoc\AppData\Local\GitHubDesktop\bin;C:\Program Files\JetBrains\JetBrains Rider 2022.2.3\bin;;C:\Program Files\JetBrains\IntelliJ IDEA Community Edition 2022.1.3\bin;;C:\Program Files\JetBrains\IntelliJ IDEA 2022.2.3\bin;;C:\Users\ciaoc\AppData\Roaming\npm;C:\MinGW\bin;
USERNAME=ciaoc
OS=Windows_NT
PROCESSOR_IDENTIFIER=Intel64 Family 6 Model 140 Stepping 1, GenuineIntel



---------------  S Y S T E M  ---------------

OS: Windows 10.0 , 64 bit Build 22000 (10.0.22000.1335)

CPU:total 8 (initial active 8) (4 cores per cpu, 2 threads per core) family 6 model 140 stepping 1, cmov, cx8, fxsr, mmx, sse, sse2, sse3, ssse3, sse4.1, sse4.2, popcnt, avx, avx2, aes, clmul, erms, 3dnowpref, lzcnt, ht, tsc, tscinvbit, bmi1, bmi2, adx

Memory: 4k page, physical 16539192k(950324k free), swap 26691332k(3528k free)

vm_info: Java HotSpot(TM) 64-Bit Server VM (25.202-b08) for windows-amd64 JRE (1.8.0_202-b08), built on Dec 15 2018 19:54:30 by "java_re" with MS VC++ 10.0 (VS2010)

time: Sat Jan 21 00:35:17 2023
timezone: ora solare Europa occidentale
elapsed time: 7 seconds (0d 0h 0m 7s)

